<?xml version="1.0" encoding="UTF-8"?>
<testsuite xmlns:xsi="http://www.w3.org/2001/XMLSchema-instance" xsi:noNamespaceSchemaLocation="https://maven.apache.org/surefire/maven-surefire-plugin/xsd/surefire-test-report-3.0.xsd" version="3.0" name="com.seshwoods.EmployeeTests" time="0.698" tests="1" errors="1" skipped="0" failures="0">
  <properties>
[...]
</properties>
  <testcase name="" classname="com.seshwoods.EmployeeTests" time="0.698">
    <error message="Could not find a valid Docker environment. Please see logs and check configuration" type="java.lang.IllegalStateException"><![CDATA[java.lang.IllegalStateException: Could not find a valid Docker environment. Please see logs and check configuration
	at org.testcontainers.dockerclient.DockerClientProviderStrategy.lambda$getFirstValidStrategy$7(DockerClientProviderStrategy.java:277)
	at java.base/java.util.Optional.orElseThrow(Optional.java:403)
	at org.testcontainers.dockerclient.DockerClientProviderStrategy.getFirstValidStrategy(DockerClientProviderStrategy.java:268)
	at org.testcontainers.DockerClientFactory.getOrInitializeStrategy(DockerClientFactory.java:152)
	at org.testcontainers.DockerClientFactory.client(DockerClientFactory.java:194)
	at org.testcontainers.DockerClientFactory$1.getDockerClient(DockerClientFactory.java:106)
	at com.github.dockerjava.api.DockerClientDelegate.authConfig(DockerClientDelegate.java:109)
	at org.testcontainers.containers.GenericContainer.start(GenericContainer.java:329)
	at org.testcontainers.junit.jupiter.TestcontainersExtension$StoreAdapter.start(TestcontainersExtension.java:276)
	at org.testcontainers.junit.jupiter.TestcontainersExtension$StoreAdapter.access$200(TestcontainersExtension.java:263)
	at org.testcontainers.junit.jupiter.TestcontainersExtension.lambda$null$4(TestcontainersExtension.java:83)
	at org.testcontainers.junit.jupiter.TestcontainersExtension.lambda$startContainers$5(TestcontainersExtension.java:83)
	at java.base/java.util.ArrayList.forEach(ArrayList.java:1511)
	at org.testcontainers.junit.jupiter.TestcontainersExtension.startContainers(TestcontainersExtension.java:83)
	at org.testcontainers.junit.jupiter.TestcontainersExtension.beforeAll(TestcontainersExtension.java:57)
	at java.base/java.util.ArrayList.forEach(ArrayList.java:1511)
]]></error>
    <system-out><![CDATA[18:39:16.791 [main] INFO org.springframework.test.context.support.AnnotationConfigContextLoaderUtils -- Could not detect default configuration classes for test class [com.seshwoods.EmployeeTests]: EmployeeTests does not declare any static, non-private, non-final, nested classes annotated with @Configuration.
18:39:16.919 [main] INFO org.springframework.boot.test.context.SpringBootTestContextBootstrapper -- Found @SpringBootConfiguration com.seshwoods.EmployeeServiceApplication for test class com.seshwoods.EmployeeTests
18:39:17.046 [main] INFO org.testcontainers.images.PullPolicy -- Image pull policy will be performed by: DefaultPullPolicy()
18:39:17.049 [main] INFO org.testcontainers.utility.ImageNameSubstitutor -- Image name substitution will be performed by: DefaultImageNameSubstitutor (composite of 'ConfigurationFileImageNameSubstitutor' and 'PrefixingImageNameSubstitutor')
18:39:17.317 [main] INFO org.testcontainers.dockerclient.DockerMachineClientProviderStrategy -- docker-machine executable was not found on PATH ([C:\Program Files\Microsoft SDKs\Azure\CLI2\wbin, C:\Program Files\Microsoft\jdk-17.0.12.7-hotspot\bin, C:\Program Files\ImageMagick-7.1.1-Q16-HDRI, C:\Python311\Scripts\, C:\Python311\, C:\Python312\Scripts\, C:\Python312\, C:\Program Files (x86)\Common Files\Intel\Shared Libraries\redist\intel64\compiler, C:\Program Files\Common Files\Oracle\Java\javapath, C:\Program Files (x86)\Common Files\Oracle\Java\java8path, C:\Program Files (x86)\Common Files\Oracle\Java\javapath, C:\Program Files (x86)\VMware\VMware Workstation\bin\, c:\windows\system32, c:\windows, c:\windows\system32\wbem, c:\windows\system32\windowspowershell\v1.0\, c:\windows\system32\openssh\, c:\program files\nvidia corporation\nvidia nvdlisr, c:\programdata\chocolatey\bin, c:\program files\git\cmd, c:\program files\putty\, c:\program files\dotnet\, C:\Program Files (x86)\NVIDIA Corporation\PhysX\Common, C:\Program Files\Calibre2\, C:\Program Files (x86)\Google\Cloud SDK\google-cloud-sdk\bin, C:\Program Files (x86)\Windows Kits\10\Windows Performance Toolkit\, C:\Users\guita\AppData\Roaming\npm, C:\Program Files\eSpeak NG\, C:\Program Files\Go\bin, C:\Program Files\Docker\Docker\resources\bin, C:\Program Files\Git\cmd, C:\Program Files\Amazon\AWSCLI\bin\, C:\Program Files\nodejs\, C:\Program Files\Microsoft SQL Server\150\Tools\Binn\, C:\Program Files\Microsoft SQL Server\Client SDK\ODBC\170\Tools\Binn\, C:\Program Files\GitHub CLI\, C:\Users\guita\scoop\shims, C:\Program Files\Java\jdk-20\bin, C:\Users\guita\AppData\Local\Programs\Python\Python312, C:\Users\guita\Downloads\apache-maven-3.9.6-bin\apache-maven-3.9.6\bin, C:\Users\guita\AppData\Local\Android\Sdk\platform-tools, C:\Users\guita\AppData\Local\Programs\Ollama, C:\Users\guita\AppData\Local\Programs\Microsoft VS Code\bin, C:\Program Files (x86)\bfg, C:\Users\guita\AppData\Local\spicetify, C:\Program Files (x86)\Microsoft Visual Studio\2022\BuildTools, C:\Python312\Scripts, c:\Users\guita\AppData\Roaming\Code\User\globalStorage\ms-vscode-remote.remote-containers\cli-bin, C:\Users\guita\AppData\Local\Microsoft\WindowsApps, C:\Program Files\Neovim\bin, C:\Users\guita\.dotnet\tools, C:\Program Files (x86)\Nmap, C:\Users\guita\go\bin, C:\Users\guita\AppData\Local\Microsoft\WinGet\Links, C:\Program Files\JetBrains\WebStorm 2024.2.1\bin, C:\Users\guita\AppData\Local\JetBrains\Toolbox\scripts, C:\Users\guita\AppData\Roaming\npm, C:\Users\guita\AppData\Local\Programs\oh-my-posh\bin, C:\Users\guita\.dotnet\tools, C:\flutter\bin, C:\Program Files\zig, C:\Program Files\gcc-14.2.0-no-debug\bin, C:\Users\guita\AppData\Local\Pub\Cache\bin, C:\tools\dart-sdk\bin])
18:39:17.318 [main] ERROR org.testcontainers.dockerclient.DockerClientProviderStrategy -- Could not find a valid Docker environment. Please check configuration. Attempted configurations were:
As no valid configuration was found, execution cannot continue.
See https://java.testcontainers.org/on_failure.html for more details.
]]></system-out>
  </testcase>
</testsuite>